<?xml version="1.0" encoding="UTF-8"?>
<testsuites name="Spring Boot REST API" tests="208" time="3.317">
  <testsuite name="Get All Users" id="ed87b65b-1341-4611-833e-721a55696698" timestamp="2024-05-15T15:21:45.733Z" tests="9" failures="2" errors="0" time="0.018">
    <testcase name="Response status code is 200" time="0.010" classname="SpringBootRestApi"/>
    <testcase name="Response has the required fields - id, name, and email" time="0.010" classname="SpringBootRestApi"/>
    <testcase name="Content-Type header is application/json" time="0.010" classname="SpringBootRestApi"/>
    <testcase name="Response time is less than 200ms" time="0.010" classname="SpringBootRestApi"/>
    <testcase name="Presence of specific header in the response" time="0.010" classname="SpringBootRestApi"/>
  </testsuite>
  <testsuite name="Create User" id="d889c4c6-eb97-4664-9964-b0453b1f15f8" timestamp="2024-05-15T15:21:45.733Z" tests="9" failures="0" errors="0" time="0.014">
    <testcase name="Status code is 200" time="0.009" classname="SpringBootRestApi"/>
    <testcase name="Content-Type is present" time="0.009" classname="SpringBootRestApi"/>
    <testcase name="Response time is less than 1000ms" time="0.009" classname="SpringBootRestApi"/>
    <testcase name="Response schema is valid" time="0.009" classname="SpringBootRestApi"/>
    <testcase name="Response has the required fields - id, name, and email" time="0.009" classname="SpringBootRestApi"/>
    <testcase name="Email is in a valid format" time="0.009" classname="SpringBootRestApi"/>
    <testcase name="Response time is less than 200ms" time="0.009" classname="SpringBootRestApi"/>
    <testcase name="Content-Type is application/json" time="0.009" classname="SpringBootRestApi"/>
  </testsuite>
</testsuites>