<?xml version="1.0" encoding="UTF-8"?>
<testsuites name="Spring Boot REST API" tests="208" time="3.123">
  <testsuite name="Get All Users" id="f298cf34-6427-405b-aad9-c6f0cd8604d8" timestamp="2024-05-17T09:10:09.266Z" tests="9" failures="2" errors="0" time="0.016">
    <testcase name="Response status code is 200" time="0.010" classname="SpringBootRestApi"/>
    <testcase name="Response has the required fields - id, name, and email" time="0.010" classname="SpringBootRestApi"/>
    <testcase name="Content-Type header is application/json" time="0.010" classname="SpringBootRestApi"/>
    <testcase name="Response time is less than 200ms" time="0.010" classname="SpringBootRestApi"/>
    <testcase name="Presence of specific header in the response" time="0.010" classname="SpringBootRestApi"/>
  </testsuite>
  <testsuite name="Create User" id="dad5723e-858d-41f8-b64f-75e493008953" timestamp="2024-05-17T09:10:09.266Z" tests="9" failures="0" errors="0" time="0.014">
    <testcase name="Status code is 200" time="0.011" classname="SpringBootRestApi"/>
    <testcase name="Content-Type is present" time="0.011" classname="SpringBootRestApi"/>
    <testcase name="Response time is less than 1000ms" time="0.011" classname="SpringBootRestApi"/>
    <testcase name="Response schema is valid" time="0.011" classname="SpringBootRestApi"/>
    <testcase name="Response has the required fields - id, name, and email" time="0.011" classname="SpringBootRestApi"/>
    <testcase name="Email is in a valid format" time="0.011" classname="SpringBootRestApi"/>
    <testcase name="Response time is less than 200ms" time="0.011" classname="SpringBootRestApi"/>
    <testcase name="Content-Type is application/json" time="0.011" classname="SpringBootRestApi"/>
  </testsuite>
</testsuites>